<?xml version="1.0" encoding="UTF-8"?>


<dataset>

    <tournament tournament_id="1" tournament_name="Australian Open 2021" start_date="2021-01-10"/>
    <player player_id="1" player_name="A. Agassi"/>
    <player player_id="2" player_name="J. McEnroe"/>
    <match_event match_id="1" tournament_id="1" start_date="2021-02-08" player_a_id="1" player_b_id="2"/>
    <customer customer_id="1" customername="Bet365"/>
    <customer_match_licence customer_match_licence_id="1" customer_id="1" match_id="1"/>

</dataset>